# JRE version: Java(TM) SE Runtime Environment (21.0.8+12) (build 21.0.8+12-LTS-250)
# Java VM: Java HotSpot(TM) 64-Bit Server VM (21.0.8+12-LTS-250, mixed mode, sharing, tiered, compressed oops, compressed class ptrs, g1 gc, windows-amd64)
GC Precious Log:
 CardTable entry size: 512
 Card Set container configuration: InlinePtr #cards 4 size 8 Array Of Cards #cards 64 size 144 Howl #buckets 8 coarsen threshold 14745 Howl Bitmap #cards 2048 size 272 coarsen threshold 1843 Card regions per heap region 1 cards per card region 16384
 CPUs: 32 total, 32 available
 Memory: 48936M
 Large Page Support: Disabled
 NUMA Support: Disabled
 Compressed Oops: Enabled (Zero based)
 Heap Region Size: 8M
 Heap Min Capacity: 8M
 Heap Initial Capacity: 768M
 Heap Max Capacity: 12240M
 Pre-touch: Disabled
 Parallel Workers: 23
 Concurrent Workers: 6
 Concurrent Refinement Workers: 23
 Periodic GC: Disabled
Heap:
 garbage-first heap   total 163840K, used 49639K [0x0000000503000000, 0x0000000800000000)
  region size 8192K, 6 young (49152K), 3 survivors (24576K)
 Metaspace       used 78572K, committed 79488K, reserved 1179648K
  class space    used 11091K, committed 11520K, reserved 1048576K
GC Heap History (20 events):
Event: 0.386 GC heap before
{Heap before GC invocations=0 (full 0):
 garbage-first heap   total 786432K, used 24576K [0x0000000503000000, 0x0000000800000000)
  region size 8192K, 4 young (32768K), 0 survivors (0K)
 Metaspace       used 7207K, committed 7424K, reserved 1114112K
  class space    used 758K, committed 832K, reserved 1048576K
}
Event: 0.390 GC heap after
{Heap after GC invocations=1 (full 0):
 garbage-first heap   total 786432K, used 8421K [0x0000000503000000, 0x0000000800000000)
  region size 8192K, 1 young (8192K), 1 survivors (8192K)
 Metaspace       used 7207K, committed 7424K, reserved 1114112K
  class space    used 758K, committed 832K, reserved 1048576K
}
Event: 0.597 GC heap before
{Heap before GC invocations=1 (full 0):
 garbage-first heap   total 786432K, used 24805K [0x0000000503000000, 0x0000000800000000)
  region size 8192K, 4 young (32768K), 1 survivors (8192K)
 Metaspace       used 11181K, committed 11520K, reserved 1114112K
  class space    used 1220K, committed 1344K, reserved 1048576K
}
Event: 0.600 GC heap after
{Heap after GC invocations=2 (full 0):
 garbage-first heap   total 786432K, used 10691K [0x0000000503000000, 0x0000000800000000)
  region size 8192K, 1 young (8192K), 1 survivors (8192K)
 Metaspace       used 11181K, committed 11520K, reserved 1114112K
  class space    used 1220K, committed 1344K, reserved 1048576K
}
Event: 1.181 GC heap before
{Heap before GC invocations=2 (full 0):
 garbage-first heap   total 786432K, used 68035K [0x0000000503000000, 0x0000000800000000)
  region size 8192K, 9 young (73728K), 1 survivors (8192K)
 Metaspace       used 21077K, committed 21504K, reserved 1114112K
  class space    used 2522K, committed 2688K, reserved 1048576K
}
Event: 1.185 GC heap after
{Heap after GC invocations=3 (full 0):
 garbage-first heap   total 786432K, used 14702K [0x0000000503000000, 0x0000000800000000)
  region size 8192K, 1 young (8192K), 1 survivors (8192K)
 Metaspace       used 21077K, committed 21504K, reserved 1114112K
  class space    used 2522K, committed 2688K, reserved 1048576K
}
Event: 2.058 GC heap before
{Heap before GC invocations=4 (full 0):
 garbage-first heap   total 114688K, used 88430K [0x0000000503000000, 0x0000000800000000)
  region size 8192K, 11 young (90112K), 1 survivors (8192K)
 Metaspace       used 35428K, committed 35968K, reserved 1114112K
  class space    used 4595K, committed 4864K, reserved 1048576K
}
Event: 2.063 GC heap after
{Heap after GC invocations=5 (full 0):
 garbage-first heap   total 122880K, used 20075K [0x0000000503000000, 0x0000000800000000)
  region size 8192K, 2 young (16384K), 2 survivors (16384K)
 Metaspace       used 35428K, committed 35968K, reserved 1114112K
  class space    used 4595K, committed 4864K, reserved 1048576K
}
Event: 2.070 GC heap before
{Heap before GC invocations=5 (full 0):
 garbage-first heap   total 122880K, used 20075K [0x0000000503000000, 0x0000000800000000)
  region size 8192K, 3 young (24576K), 2 survivors (16384K)
 Metaspace       used 35791K, committed 36288K, reserved 1114112K
  class space    used 4638K, committed 4864K, reserved 1048576K
}
Event: 2.073 GC heap after
{Heap after GC invocations=6 (full 0):
 garbage-first heap   total 122880K, used 20502K [0x0000000503000000, 0x0000000800000000)
  region size 8192K, 1 young (8192K), 1 survivors (8192K)
 Metaspace       used 35791K, committed 36288K, reserved 1114112K
  class space    used 4638K, committed 4864K, reserved 1048576K
}
Event: 2.080 GC heap before
{Heap before GC invocations=6 (full 0):
 garbage-first heap   total 122880K, used 20502K [0x0000000503000000, 0x0000000800000000)
  region size 8192K, 2 young (16384K), 1 survivors (8192K)
 Metaspace       used 36099K, committed 36608K, reserved 1114112K
  class space    used 4690K, committed 4928K, reserved 1048576K
}
Event: 2.082 GC heap after
{Heap after GC invocations=7 (full 0):
 garbage-first heap   total 122880K, used 20103K [0x0000000503000000, 0x0000000800000000)
  region size 8192K, 1 young (8192K), 1 survivors (8192K)
 Metaspace       used 36099K, committed 36608K, reserved 1114112K
  class space    used 4690K, committed 4928K, reserved 1048576K
}
Event: 2.602 GC heap before
{Heap before GC invocations=8 (full 0):
 garbage-first heap   total 114688K, used 77447K [0x0000000503000000, 0x0000000800000000)
  region size 8192K, 9 young (73728K), 1 survivors (8192K)
 Metaspace       used 53359K, committed 54016K, reserved 1114112K
  class space    used 7054K, committed 7360K, reserved 1048576K
}
Event: 2.605 GC heap after
{Heap after GC invocations=9 (full 0):
 garbage-first heap   total 450560K, used 23225K [0x0000000503000000, 0x0000000800000000)
  region size 8192K, 2 young (16384K), 2 survivors (16384K)
 Metaspace       used 53359K, committed 54016K, reserved 1114112K
  class space    used 7054K, committed 7360K, reserved 1048576K
}
Event: 3.154 GC heap before
{Heap before GC invocations=9 (full 0):
 garbage-first heap   total 450560K, used 64185K [0x0000000503000000, 0x0000000800000000)
  region size 8192K, 8 young (65536K), 2 survivors (16384K)
 Metaspace       used 60570K, committed 61248K, reserved 1114112K
  class space    used 8172K, committed 8512K, reserved 1048576K
}
Event: 3.160 GC heap after
{Heap after GC invocations=10 (full 0):
 garbage-first heap   total 450560K, used 25846K [0x0000000503000000, 0x0000000800000000)
  region size 8192K, 2 young (16384K), 2 survivors (16384K)
 Metaspace       used 60570K, committed 61248K, reserved 1114112K
  class space    used 8172K, committed 8512K, reserved 1048576K
}
Event: 3.163 GC heap before
{Heap before GC invocations=10 (full 0):
 garbage-first heap   total 450560K, used 25846K [0x0000000503000000, 0x0000000800000000)
  region size 8192K, 3 young (24576K), 2 survivors (16384K)
 Metaspace       used 60869K, committed 61568K, reserved 1114112K
  class space    used 8202K, committed 8512K, reserved 1048576K
}
Event: 3.167 GC heap after
{Heap after GC invocations=11 (full 0):
 garbage-first heap   total 450560K, used 25453K [0x0000000503000000, 0x0000000800000000)
  region size 8192K, 2 young (16384K), 2 survivors (16384K)
 Metaspace       used 60869K, committed 61568K, reserved 1114112K
  class space    used 8202K, committed 8512K, reserved 1048576K
}
Event: 5.060 GC heap before
{Heap before GC invocations=12 (full 0):
 garbage-first heap   total 139264K, used 131949K [0x0000000503000000, 0x0000000800000000)
  region size 8192K, 15 young (122880K), 2 survivors (16384K)
 Metaspace       used 75559K, committed 76352K, reserved 1179648K
  class space    used 10680K, committed 11072K, reserved 1048576K
}
Event: 5.066 GC heap after
{Heap after GC invocations=13 (full 0):
 garbage-first heap   total 163840K, used 33255K [0x0000000503000000, 0x0000000800000000)
  region size 8192K, 3 young (24576K), 3 survivors (24576K)
 Metaspace       used 75559K, committed 76352K, reserved 1179648K
  class space    used 10680K, committed 11072K, reserved 1048576K
}

