# JRE version: Java(TM) SE Runtime Environment (21.0.8+12) (build 21.0.8+12-LTS-250)
# Java VM: Java HotSpot(TM) 64-Bit Server VM (21.0.8+12-LTS-250, mixed mode, sharing, tiered, compressed oops, compressed class ptrs, g1 gc, windows-amd64)
GC Precious Log:
 CardTable entry size: 512
 Card Set container configuration: InlinePtr #cards 4 size 8 Array Of Cards #cards 64 size 144 Howl #buckets 8 coarsen threshold 14745 Howl Bitmap #cards 2048 size 272 coarsen threshold 1843 Card regions per heap region 1 cards per card region 16384
 CPUs: 32 total, 32 available
 Memory: 48936M
 Large Page Support: Disabled
 NUMA Support: Disabled
 Compressed Oops: Enabled (Zero based)
 Heap Region Size: 8M
 Heap Min Capacity: 8M
 Heap Initial Capacity: 768M
 Heap Max Capacity: 12240M
 Pre-touch: Disabled
 Parallel Workers: 23
 Concurrent Workers: 6
 Concurrent Refinement Workers: 23
 Periodic GC: Disabled
Heap:
 garbage-first heap   total 98304K, used 49973K [0x0000000503000000, 0x0000000800000000)
  region size 8192K, 4 young (32768K), 1 survivors (8192K)
 Metaspace       used 78613K, committed 79424K, reserved 1179648K
  class space    used 11089K, committed 11456K, reserved 1048576K
GC Heap History (20 events):
Event: 0.387 GC heap before
{Heap before GC invocations=0 (full 0):
 garbage-first heap   total 786432K, used 24576K [0x0000000503000000, 0x0000000800000000)
  region size 8192K, 4 young (32768K), 0 survivors (0K)
 Metaspace       used 7202K, committed 7424K, reserved 1114112K
  class space    used 759K, committed 832K, reserved 1048576K
}
Event: 0.391 GC heap after
{Heap after GC invocations=1 (full 0):
 garbage-first heap   total 786432K, used 8380K [0x0000000503000000, 0x0000000800000000)
  region size 8192K, 1 young (8192K), 1 survivors (8192K)
 Metaspace       used 7202K, committed 7424K, reserved 1114112K
  class space    used 759K, committed 832K, reserved 1048576K
}
Event: 0.588 GC heap before
{Heap before GC invocations=1 (full 0):
 garbage-first heap   total 786432K, used 32956K [0x0000000503000000, 0x0000000800000000)
  region size 8192K, 4 young (32768K), 1 survivors (8192K)
 Metaspace       used 10974K, committed 11264K, reserved 1114112K
  class space    used 1195K, committed 1344K, reserved 1048576K
}
Event: 0.592 GC heap after
{Heap after GC invocations=2 (full 0):
 garbage-first heap   total 786432K, used 10623K [0x0000000503000000, 0x0000000800000000)
  region size 8192K, 1 young (8192K), 1 survivors (8192K)
 Metaspace       used 10974K, committed 11264K, reserved 1114112K
  class space    used 1195K, committed 1344K, reserved 1048576K
}
Event: 1.200 GC heap before
{Heap before GC invocations=2 (full 0):
 garbage-first heap   total 786432K, used 59775K [0x0000000503000000, 0x0000000800000000)
  region size 8192K, 9 young (73728K), 1 survivors (8192K)
 Metaspace       used 21076K, committed 21504K, reserved 1114112K
  class space    used 2523K, committed 2688K, reserved 1048576K
}
Event: 1.204 GC heap after
{Heap after GC invocations=3 (full 0):
 garbage-first heap   total 786432K, used 14675K [0x0000000503000000, 0x0000000800000000)
  region size 8192K, 1 young (8192K), 1 survivors (8192K)
 Metaspace       used 21076K, committed 21504K, reserved 1114112K
  class space    used 2523K, committed 2688K, reserved 1048576K
}
Event: 1.903 GC heap before
{Heap before GC invocations=4 (full 0):
 garbage-first heap   total 81920K, used 80211K [0x0000000503000000, 0x0000000800000000)
  region size 8192K, 9 young (73728K), 1 survivors (8192K)
 Metaspace       used 30597K, committed 31168K, reserved 1114112K
  class space    used 3883K, committed 4160K, reserved 1048576K
}
Event: 1.908 GC heap after
{Heap after GC invocations=5 (full 0):
 garbage-first heap   total 98304K, used 18834K [0x0000000503000000, 0x0000000800000000)
  region size 8192K, 2 young (16384K), 2 survivors (16384K)
 Metaspace       used 30597K, committed 31168K, reserved 1114112K
  class space    used 3883K, committed 4160K, reserved 1048576K
}
Event: 2.112 GC heap before
{Heap before GC invocations=5 (full 0):
 garbage-first heap   total 98304K, used 35218K [0x0000000503000000, 0x0000000800000000)
  region size 8192K, 5 young (40960K), 2 survivors (16384K)
 Metaspace       used 35430K, committed 35968K, reserved 1114112K
  class space    used 4593K, committed 4864K, reserved 1048576K
}
Event: 2.117 GC heap after
{Heap after GC invocations=6 (full 0):
 garbage-first heap   total 98304K, used 20228K [0x0000000503000000, 0x0000000800000000)
  region size 8192K, 1 young (8192K), 1 survivors (8192K)
 Metaspace       used 35430K, committed 35968K, reserved 1114112K
  class space    used 4593K, committed 4864K, reserved 1048576K
}
Event: 2.548 GC heap before
{Heap before GC invocations=7 (full 0):
 garbage-first heap   total 98304K, used 69380K [0x0000000503000000, 0x0000000800000000)
  region size 8192K, 7 young (57344K), 1 survivors (8192K)
 Metaspace       used 49430K, committed 50048K, reserved 1114112K
  class space    used 6528K, committed 6784K, reserved 1048576K
}
Event: 2.552 GC heap after
{Heap after GC invocations=8 (full 0):
 garbage-first heap   total 98304K, used 22120K [0x0000000503000000, 0x0000000800000000)
  region size 8192K, 1 young (8192K), 1 survivors (8192K)
 Metaspace       used 49430K, committed 50048K, reserved 1114112K
  class space    used 6528K, committed 6784K, reserved 1048576K
}
Event: 3.137 GC heap before
{Heap before GC invocations=8 (full 0):
 garbage-first heap   total 98304K, used 71272K [0x0000000503000000, 0x0000000800000000)
  region size 8192K, 7 young (57344K), 1 survivors (8192K)
 Metaspace       used 58730K, committed 59392K, reserved 1114112K
  class space    used 7842K, committed 8128K, reserved 1048576K
}
Event: 3.141 GC heap after
{Heap after GC invocations=9 (full 0):
 garbage-first heap   total 98304K, used 26278K [0x0000000503000000, 0x0000000800000000)
  region size 8192K, 1 young (8192K), 1 survivors (8192K)
 Metaspace       used 58730K, committed 59392K, reserved 1114112K
  class space    used 7842K, committed 8128K, reserved 1048576K
}
Event: 3.233 GC heap before
{Heap before GC invocations=9 (full 0):
 garbage-first heap   total 98304K, used 26278K [0x0000000503000000, 0x0000000800000000)
  region size 8192K, 2 young (16384K), 1 survivors (8192K)
 Metaspace       used 59605K, committed 60288K, reserved 1114112K
  class space    used 7953K, committed 8256K, reserved 1048576K
}
Event: 3.236 GC heap after
{Heap after GC invocations=10 (full 0):
 garbage-first heap   total 98304K, used 26907K [0x0000000503000000, 0x0000000800000000)
  region size 8192K, 1 young (8192K), 1 survivors (8192K)
 Metaspace       used 59605K, committed 60288K, reserved 1114112K
  class space    used 7953K, committed 8256K, reserved 1048576K
}
Event: 3.565 GC heap before
{Heap before GC invocations=11 (full 0):
 garbage-first heap   total 98304K, used 67867K [0x0000000503000000, 0x0000000800000000)
  region size 8192K, 7 young (57344K), 1 survivors (8192K)
 Metaspace       used 70115K, committed 70912K, reserved 1114112K
  class space    used 9957K, committed 10368K, reserved 1048576K
}
Event: 3.568 GC heap after
{Heap after GC invocations=12 (full 0):
 garbage-first heap   total 98304K, used 30429K [0x0000000503000000, 0x0000000800000000)
  region size 8192K, 1 young (8192K), 1 survivors (8192K)
 Metaspace       used 70115K, committed 70912K, reserved 1114112K
  class space    used 9957K, committed 10368K, reserved 1048576K
}
Event: 4.850 GC heap before
{Heap before GC invocations=12 (full 0):
 garbage-first heap   total 98304K, used 63197K [0x0000000503000000, 0x0000000800000000)
  region size 8192K, 6 young (49152K), 1 survivors (8192K)
 Metaspace       used 74306K, committed 75136K, reserved 1114112K
  class space    used 10554K, committed 10944K, reserved 1048576K
}
Event: 4.853 GC heap after
{Heap after GC invocations=13 (full 0):
 garbage-first heap   total 98304K, used 33589K [0x0000000503000000, 0x0000000800000000)
  region size 8192K, 1 young (8192K), 1 survivors (8192K)
 Metaspace       used 74306K, committed 75136K, reserved 1114112K
  class space    used 10554K, committed 10944K, reserved 1048576K
}

